<?xml version="1.0" encoding="UTF-8"?>
<testng-results skipped="0" failed="0" total="1" passed="1">
  <reporter-output>
  </reporter-output>
  <suite name="Default suite" duration-ms="38098" started-at="2017-04-28T11:42:11Z" finished-at="2017-04-28T11:42:49Z">
    <groups>
    </groups>
    <test name="Default test" duration-ms="38098" started-at="2017-04-28T11:42:11Z" finished-at="2017-04-28T11:42:49Z">
      <class name="technexus.NewTest">
        <test-method status="PASS" signature="beforeMethod()[pri:0, instance:technexus.NewTest@77caeb3e]" name="beforeMethod" is-config="true" duration-ms="15907" started-at="2017-04-28T17:12:11Z" finished-at="2017-04-28T17:12:27Z">
          <reporter-output>
          </reporter-output>
        </test-method> <!-- beforeMethod -->
        <test-method status="PASS" signature="setapplication()[pri:0, instance:technexus.NewTest@77caeb3e]" name="setapplication" duration-ms="22166" started-at="2017-04-28T17:12:27Z" finished-at="2017-04-28T17:12:49Z">
          <reporter-output>
          </reporter-output>
        </test-method> <!-- setapplication -->
      </class> <!-- technexus.NewTest -->
    </test> <!-- Default test -->
  </suite> <!-- Default suite -->
</testng-results>
